<?xml version="1.0" encoding="UTF-8"?>
<testsuite name="TodoTest" skipped="0" failures="0" errors="0" tests="3" assertions="10" time="0.0963110001757741">
  <testcase name="test_accepts_nested_attributes_for_tags_an_context" classname="TodoTest" assertions="5" time="0.0775969997048378">
  </testcase>
  <testcase name="test_append_tag_to_todo" classname="TodoTest" assertions="1" time="0.012967000715434551">
  </testcase>
  <testcase name="test_CRUD" classname="TodoTest" assertions="4" time="0.005746999755501747">
  </testcase>
</testsuite>
