<?xml version="1.0" encoding="UTF-8"?>
<testsuite name="EmailReminderTest" skipped="0" failures="0" errors="1" tests="1" assertions="0" time="0.0007821820909157395">
  <testcase name="test_the_truth" classname="EmailReminderTest" assertions="0" time="0.0007821820909157395">
    <error type="test_the_truth" message="NameError: undefined local variable or method `email_reminder_attrs' for #&lt;EmailReminderTest:0x007fa81080a628&gt;...">
Failure:
test_the_truth(EmailReminderTest) [/Users/jaspinwa/git/notifier/test/models/email_reminder_test.rb:6]:
NameError: undefined local variable or method `email_reminder_attrs' for #&lt;EmailReminderTest:0x007fa81080a628&gt;
    test/models/email_reminder_test.rb:6:in `block in &lt;class:EmailReminderTest&gt;'
    </error>
  </testcase>
</testsuite>
