<?xml version="1.0" encoding="UTF-8"?>
<testsuite name="NotifierMailerTest" skipped="0" failures="0" errors="0" tests="1" assertions="0" time="0.4623929229564965">
  <testcase name="test_send_test_mail" classname="NotifierMailerTest" assertions="0" time="0.4623929229564965">
  </testcase>
</testsuite>
