<?xml version="1.0" encoding="UTF-8"?>
<testsuite name="NoticesControllerTest" skipped="0" failures="0" errors="0" tests="8" assertions="15" time="0.585831000469625">
  <testcase name="test_should_get_edit" classname="NoticesControllerTest" assertions="1" time="0.5232100002467632">
  </testcase>
  <testcase name="test_should_not_destroy_NOT_FOULD_notice" classname="NoticesControllerTest" assertions="4" time="0.007966999895870686">
  </testcase>
  <testcase name="test_should_destroy_notice" classname="NoticesControllerTest" assertions="4" time="0.008077000267803669">
  </testcase>
  <testcase name="test_should_get_new" classname="NoticesControllerTest" assertions="1" time="0.010331999976187944">
  </testcase>
  <testcase name="test_should_update_notice" classname="NoticesControllerTest" assertions="1" time="0.006095000077039003">
  </testcase>
  <testcase name="test_should_create_notice" classname="NoticesControllerTest" assertions="2" time="0.007038000039756298">
  </testcase>
  <testcase name="test_should_get_index" classname="NoticesControllerTest" assertions="1" time="0.009056999813765287">
  </testcase>
  <testcase name="test_should_show_notice" classname="NoticesControllerTest" assertions="1" time="0.014055000152438879">
  </testcase>
</testsuite>
