<?xml version="1.0" encoding="UTF-8"?>
<testsuite name="ContextTest" skipped="0" failures="0" errors="0" tests="1" assertions="4" time="0.007510283030569553">
  <testcase name="test_CRUD" classname="ContextTest" assertions="4" time="0.007510283030569553">
  </testcase>
</testsuite>
