<?xml version="1.0" encoding="UTF-8"?>
<testsuite name="TodoTest" skipped="0" failures="0" errors="0" tests="1" assertions="4" time="0.06710227706935257">
  <testcase name="test_CRUD" classname="TodoTest" assertions="4" time="0.06710227706935257">
  </testcase>
</testsuite>
