<?xml version="1.0" encoding="UTF-8"?>
<testsuite name="EmailReminderTest" skipped="0" failures="0" errors="0" tests="1" assertions="0" time="3.0809070002287626">
  <testcase name="test_the_truth" classname="EmailReminderTest" assertions="0" time="3.0809070002287626">
  </testcase>
</testsuite>
