<?xml version="1.0" encoding="UTF-8"?>
<testsuite name="TodoTest" skipped="0" failures="0" errors="0" tests="1" assertions="8" time="0.06204105995129794">
  <testcase name="test_CRUD" classname="TodoTest" assertions="8" time="0.06204105995129794">
  </testcase>
</testsuite>
